<?xml version="1.0" encoding="utf-8"?><testsuites name="pytest tests"><testsuite name="pytest" errors="0" failures="0" skipped="0" tests="15" time="55.939" timestamp="2026-06-21T11:54:56.593052+00:00" hostname="agent-env-9e744f24-be13-47e1-b09f-40700cb55f9f"><testcase classname="backend.tests.test_aggregator_admin_api.TestAuth" name="test_sources_requires_auth" time="0.342" /><testcase classname="backend.tests.test_aggregator_admin_api.TestAuth" name="test_drafts_requires_auth" time="0.129" /><testcase classname="backend.tests.test_aggregator_admin_api.TestAuth" name="test_settings_requires_auth" time="0.132" /><testcase classname="backend.tests.test_aggregator_admin_api.TestSources" name="test_list_sources_has_seeded_two" time="0.501" /><testcase classname="backend.tests.test_aggregator_admin_api.TestSources" name="test_full_crud_on_source" time="0.598" /><testcase classname="backend.tests.test_aggregator_admin_api.TestSources" name="test_run_single_source_returns_summary" time="25.670" /><testcase classname="backend.tests.test_aggregator_admin_api.TestSources" name="test_run_all" time="26.083" /><testcase classname="backend.tests.test_aggregator_admin_api.TestRuns" name="test_runs_returned_with_run_at" time="0.198" /><testcase classname="backend.tests.test_aggregator_admin_api.TestDraftsFlow" name="test_drafts_listing_and_filter" time="0.380" /><testcase classname="backend.tests.test_aggregator_admin_api.TestDraftsFlow" name="test_drafts_hidden_from_public_list" time="0.123" /><testcase classname="backend.tests.test_aggregator_admin_api.TestDraftsFlow" name="test_draft_404_on_public_detail" time="0.132" /><testcase classname="backend.tests.test_aggregator_admin_api.TestDraftsFlow" name="test_approve_single_draft" time="0.274" /><testcase classname="backend.tests.test_aggregator_admin_api.TestDraftsFlow" name="test_reject_single_draft" time="0.133" /><testcase classname="backend.tests.test_aggregator_admin_api.TestDraftsFlow" name="test_bulk_approve_and_reject" time="0.386" /><testcase classname="backend.tests.test_aggregator_admin_api.TestSettings" name="test_round_trip_settings" time="0.674" /></testsuite></testsuites>