<?xml version="1.0" encoding="utf-8"?><testsuites name="pytest tests"><testsuite name="pytest" errors="0" failures="0" skipped="0" tests="11" time="4.775" timestamp="2026-06-21T12:16:23.327568+00:00" hostname="agent-env-9e744f24-be13-47e1-b09f-40700cb55f9f"><testcase classname="backend.tests.test_aggregator_trust_api.TestSourceListTrustFields" name="test_sources_expose_trust_fields" time="0.616" /><testcase classname="backend.tests.test_aggregator_trust_api.TestSourceListTrustFields" name="test_trust_score_is_none_when_lt_5_decisions" time="0.469" /><testcase classname="backend.tests.test_aggregator_trust_api.TestValidation" name="test_create_rejects_bad_mode" time="0.130" /><testcase classname="backend.tests.test_aggregator_trust_api.TestValidation" name="test_create_rejects_bad_threshold" time="0.177" /><testcase classname="backend.tests.test_aggregator_trust_api.TestValidation" name="test_update_rejects_bad_values" time="0.759" /><testcase classname="backend.tests.test_aggregator_trust_api.TestApproveRejectCounters" name="test_approve_increments_approvals" time="0.359" /><testcase classname="backend.tests.test_aggregator_trust_api.TestApproveRejectCounters" name="test_reject_increments_rejections" time="0.335" /><testcase classname="backend.tests.test_aggregator_trust_api.TestApproveRejectCounters" name="test_reset_trust_zeroes_counters" time="0.309" /><testcase classname="backend.tests.test_aggregator_trust_api.TestBulkCounters" name="test_bulk_approve_credits_per_source" time="0.558" /><testcase classname="backend.tests.test_aggregator_trust_api.TestBulkCounters" name="test_bulk_reject_credits_per_source" time="0.662" /><testcase classname="backend.tests.test_aggregator_trust_api.TestPublicHidesDrafts" name="test_public_notices_only_published" time="0.140" /></testsuite></testsuites>